<?xml version="1.0" encoding="UTF-8"?>
<testng-results skipped="0" failed="0" ignored="0" total="2" passed="2">
  <reporter-output>
  </reporter-output>
  <suite name="Suite" duration-ms="123648" started-at="2022-04-05T15:35:24 IST" finished-at="2022-04-05T15:37:28 IST">
    <groups>
    </groups>
    <test name="Test" duration-ms="123648" started-at="2022-04-05T15:35:24 IST" finished-at="2022-04-05T15:37:28 IST">
      <class name="TestCases.VerifySignUp">
        <test-method status="PASS" signature="UrlLaunch()[pri:0, instance:TestCases.VerifySignUp@612679d6]" name="UrlLaunch" is-config="true" duration-ms="41405" started-at="2022-04-05T15:36:17 IST" finished-at="2022-04-05T15:36:58 IST">
          <reporter-output>
          </reporter-output>
        </test-method> <!-- UrlLaunch -->
        <test-method status="PASS" signature="enterCredential()[pri:0, instance:TestCases.VerifySignUp@612679d6]" name="enterCredential" duration-ms="29904" started-at="2022-04-05T15:36:58 IST" finished-at="2022-04-05T15:37:28 IST">
          <reporter-output>
          </reporter-output>
        </test-method> <!-- enterCredential -->
      </class> <!-- TestCases.VerifySignUp -->
      <class name="TestCases.VerifyLogin">
        <test-method status="PASS" signature="UrlLaunch()[pri:0, instance:TestCases.VerifyLogin@5bb21b69]" name="UrlLaunch" is-config="true" duration-ms="39138" started-at="2022-04-05T15:35:24 IST" finished-at="2022-04-05T15:36:04 IST">
          <reporter-output>
          </reporter-output>
        </test-method> <!-- UrlLaunch -->
        <test-method status="PASS" signature="enterCredentials()[pri:0, instance:TestCases.VerifyLogin@5bb21b69]" name="enterCredentials" duration-ms="12925" started-at="2022-04-05T15:36:04 IST" finished-at="2022-04-05T15:36:17 IST">
          <reporter-output>
          </reporter-output>
        </test-method> <!-- enterCredentials -->
      </class> <!-- TestCases.VerifyLogin -->
    </test> <!-- Test -->
  </suite> <!-- Suite -->
</testng-results>
