<?xml version="1.0" encoding="UTF-8"?>
<testng-results ignored="0" total="1" passed="1" failed="0" skipped="0">
  <reporter-output>
  </reporter-output>
  <suite started-at="2022-04-02T11:03:00 IST" name="Default suite" finished-at="2022-04-02T11:03:27 IST" duration-ms="27731">
    <groups>
    </groups>
    <test started-at="2022-04-02T11:03:00 IST" name="Default test" finished-at="2022-04-02T11:03:27 IST" duration-ms="27731">
      <class name="E2EProject.SeleniumTestngProjectDemo.VerifySignUp">
        <test-method is-config="true" signature="UrlLaunch()[pri:0, instance:E2EProject.SeleniumTestngProjectDemo.VerifySignUp@2f217633]" started-at="2022-04-02T11:03:00 IST" name="UrlLaunch" finished-at="2022-04-02T11:03:13 IST" duration-ms="13254" status="PASS">
          <reporter-output>
          </reporter-output>
        </test-method> <!-- UrlLaunch -->
        <test-method signature="enterCredential()[pri:0, instance:E2EProject.SeleniumTestngProjectDemo.VerifySignUp@2f217633]" started-at="2022-04-02T11:03:13 IST" name="enterCredential" finished-at="2022-04-02T11:03:27 IST" duration-ms="14299" status="PASS">
          <reporter-output>
          </reporter-output>
        </test-method> <!-- enterCredential -->
      </class> <!-- E2EProject.SeleniumTestngProjectDemo.VerifySignUp -->
    </test> <!-- Default test -->
  </suite> <!-- Default suite -->
</testng-results>
