<?xml version="1.0" encoding="UTF-8"?>
<testng-results ignored="0" total="2" passed="2" failed="0" skipped="0">
  <reporter-output>
  </reporter-output>
  <suite started-at="2022-04-05T15:26:11 IST" name="Suite" finished-at="2022-04-05T15:28:19 IST" duration-ms="127979">
    <groups>
    </groups>
    <test started-at="2022-04-05T15:26:11 IST" name="Test" finished-at="2022-04-05T15:28:19 IST" duration-ms="127979">
      <class name="TestCases.VerifySignUp">
        <test-method is-config="true" signature="UrlLaunch()[pri:0, instance:TestCases.VerifySignUp@5acf93bb]" started-at="2022-04-05T15:26:11 IST" name="UrlLaunch" finished-at="2022-04-05T15:27:09 IST" duration-ms="58129" status="PASS">
          <reporter-output>
          </reporter-output>
        </test-method> <!-- UrlLaunch -->
        <test-method signature="enterCredential()[pri:0, instance:TestCases.VerifySignUp@5acf93bb]" started-at="2022-04-05T15:27:09 IST" name="enterCredential" finished-at="2022-04-05T15:27:36 IST" duration-ms="26560" status="PASS">
          <reporter-output>
          </reporter-output>
        </test-method> <!-- enterCredential -->
      </class> <!-- TestCases.VerifySignUp -->
      <class name="TestCases.VerifyLogin">
        <test-method is-config="true" signature="UrlLaunch()[pri:0, instance:TestCases.VerifyLogin@290222c1]" started-at="2022-04-05T15:27:36 IST" name="UrlLaunch" finished-at="2022-04-05T15:28:15 IST" duration-ms="39139" status="PASS">
          <reporter-output>
          </reporter-output>
        </test-method> <!-- UrlLaunch -->
        <test-method signature="enterCredentials()[pri:0, instance:TestCases.VerifyLogin@290222c1]" started-at="2022-04-05T15:28:15 IST" name="enterCredentials" finished-at="2022-04-05T15:28:19 IST" duration-ms="3866" status="PASS">
          <reporter-output>
          </reporter-output>
        </test-method> <!-- enterCredentials -->
      </class> <!-- TestCases.VerifyLogin -->
    </test> <!-- Test -->
  </suite> <!-- Suite -->
</testng-results>
